c:\alexandre montel\jeux\inksplash\inkengine\inksplash\x64\debug\vc142.pdb
c:\alexandre montel\jeux\inksplash\inkengine\inksplash\x64\debug\vc142.idb
c:\alexandre montel\jeux\inksplash\inkengine\inksplash\x64\debug\inksplash.obj
c:\alexandre montel\jeux\inksplash\inkengine\x64\debug\sfml-graphics-d-2.dll
c:\alexandre montel\jeux\inksplash\inkengine\x64\debug\sfml-window-d-2.dll
c:\alexandre montel\jeux\inksplash\inkengine\x64\debug\sfml-system-d-2.dll
c:\alexandre montel\jeux\inksplash\inkengine\x64\debug\freetyped.dll
c:\alexandre montel\jeux\inksplash\inkengine\x64\debug\zlibd1.dll
c:\alexandre montel\jeux\inksplash\inkengine\x64\debug\bz2d.dll
c:\alexandre montel\jeux\inksplash\inkengine\x64\debug\libpng16d.dll
c:\alexandre montel\jeux\inksplash\inkengine\x64\debug\brotlidec.dll
c:\alexandre montel\jeux\inksplash\inkengine\x64\debug\brotlicommon.dll
c:\alexandre montel\jeux\inksplash\inkengine\x64\debug\inksplash.exe
c:\alexandre montel\jeux\inksplash\inkengine\inksplash\x64\debug\inksplash.ilk
c:\alexandre montel\jeux\inksplash\inkengine\x64\debug\inksplash.pdb
c:\alexandre montel\jeux\inksplash\inkengine\inksplash\x64\debug\inksplash.tlog\cl.command.1.tlog
c:\alexandre montel\jeux\inksplash\inkengine\inksplash\x64\debug\inksplash.tlog\cl.read.1.tlog
c:\alexandre montel\jeux\inksplash\inkengine\inksplash\x64\debug\inksplash.tlog\cl.write.1.tlog
c:\alexandre montel\jeux\inksplash\inkengine\inksplash\x64\debug\inksplash.tlog\inksplash.write.1u.tlog
c:\alexandre montel\jeux\inksplash\inkengine\inksplash\x64\debug\inksplash.tlog\link.command.1.tlog
c:\alexandre montel\jeux\inksplash\inkengine\inksplash\x64\debug\inksplash.tlog\link.read.1.tlog
c:\alexandre montel\jeux\inksplash\inkengine\inksplash\x64\debug\inksplash.tlog\link.write.1.tlog
